Determining if the pthread_create exist failed with the following output:
Change Dir: /home/doudou/apriltag_car/cmake-build-debug/CMakeFiles/CMakeTmp

Run Build Command:"/usr/bin/make" "cmTC_0af1b/fast"
/usr/bin/make -f CMakeFiles/cmTC_0af1b.dir/build.make CMakeFiles/cmTC_0af1b.dir/build
make[1]: Entering directory '/home/doudou/apriltag_car/cmake-build-debug/CMakeFiles/CMakeTmp'
Building C object CMakeFiles/cmTC_0af1b.dir/CheckSymbolExists.c.o
/usr/bin/cc     -o CMakeFiles/cmTC_0af1b.dir/CheckSymbolExists.c.o   -c /home/doudou/apriltag_car/cmake-build-debug/CMakeFiles/CMakeTmp/CheckSymbolExists.c
Linking C executable cmTC_0af1b
/usr/bin/cmake -E cmake_link_script CMakeFiles/cmTC_0af1b.dir/link.txt --verbose=1
/usr/bin/cc       CMakeFiles/cmTC_0af1b.dir/CheckSymbolExists.c.o  -o cmTC_0af1b -rdynamic 
CMakeFiles/cmTC_0af1b.dir/CheckSymbolExists.c.o：在函数‘main’中：
CheckSymbolExists.c:(.text+0x16)：对‘pthread_create’未定义的引用
collect2: error: ld returned 1 exit status
CMakeFiles/cmTC_0af1b.dir/build.make:97: recipe for target 'cmTC_0af1b' failed
make[1]: *** [cmTC_0af1b] Error 1
make[1]: Leaving directory '/home/doudou/apriltag_car/cmake-build-debug/CMakeFiles/CMakeTmp'
Makefile:126: recipe for target 'cmTC_0af1b/fast' failed
make: *** [cmTC_0af1b/fast] Error 2

File /home/doudou/apriltag_car/cmake-build-debug/CMakeFiles/CMakeTmp/CheckSymbolExists.c:
/* */
#include <pthread.h>

int main(int argc, char** argv)
{
  (void)argv;
#ifndef pthread_create
  return ((int*)(&pthread_create))[argc];
#else
  (void)argc;
  return 0;
#endif
}

Determining if the function pthread_create exists in the pthreads failed with the following output:
Change Dir: /home/doudou/apriltag_car/cmake-build-debug/CMakeFiles/CMakeTmp

Run Build Command:"/usr/bin/make" "cmTC_232ec/fast"
/usr/bin/make -f CMakeFiles/cmTC_232ec.dir/build.make CMakeFiles/cmTC_232ec.dir/build
make[1]: Entering directory '/home/doudou/apriltag_car/cmake-build-debug/CMakeFiles/CMakeTmp'
Building C object CMakeFiles/cmTC_232ec.dir/CheckFunctionExists.c.o
/usr/bin/cc    -DCHECK_FUNCTION_EXISTS=pthread_create   -o CMakeFiles/cmTC_232ec.dir/CheckFunctionExists.c.o   -c /usr/share/cmake-3.5/Modules/CheckFunctionExists.c
Linking C executable cmTC_232ec
/usr/bin/cmake -E cmake_link_script CMakeFiles/cmTC_232ec.dir/link.txt --verbose=1
/usr/bin/cc   -DCHECK_FUNCTION_EXISTS=pthread_create    CMakeFiles/cmTC_232ec.dir/CheckFunctionExists.c.o  -o cmTC_232ec -rdynamic -lpthreads 
/usr/bin/ld: 找不到 -lpthreads
collect2: error: ld returned 1 exit status
CMakeFiles/cmTC_232ec.dir/build.make:97: recipe for target 'cmTC_232ec' failed
make[1]: *** [cmTC_232ec] Error 1
make[1]: Leaving directory '/home/doudou/apriltag_car/cmake-build-debug/CMakeFiles/CMakeTmp'
Makefile:126: recipe for target 'cmTC_232ec/fast' failed
make: *** [cmTC_232ec/fast] Error 2


Performing C SOURCE FILE Test CMAKE_HAVE_LIBC_PTHREAD failed with the following output:
Change Dir: /home/doudou/apriltag_car/cmake-build-debug/CMakeFiles/CMakeTmp

Run Build Command(s):/usr/bin/make cmTC_4d983/fast && /usr/bin/make  -f CMakeFiles/cmTC_4d983.dir/build.make CMakeFiles/cmTC_4d983.dir/build
make[1]: Entering directory '/home/doudou/apriltag_car/cmake-build-debug/CMakeFiles/CMakeTmp'
Building C object CMakeFiles/cmTC_4d983.dir/src.c.o
/usr/bin/cc   -DCMAKE_HAVE_LIBC_PTHREAD   -o CMakeFiles/cmTC_4d983.dir/src.c.o   -c /home/doudou/apriltag_car/cmake-build-debug/CMakeFiles/CMakeTmp/src.c
Linking C executable cmTC_4d983
/snap/clion/129/bin/cmake/linux/bin/cmake -E cmake_link_script CMakeFiles/cmTC_4d983.dir/link.txt --verbose=1
/usr/bin/cc  -DCMAKE_HAVE_LIBC_PTHREAD    -rdynamic CMakeFiles/cmTC_4d983.dir/src.c.o  -o cmTC_4d983 
CMakeFiles/cmTC_4d983.dir/src.c.o：在函数‘main’中：
src.c:(.text+0x3c)：对‘pthread_create’未定义的引用
src.c:(.text+0x48)：对‘pthread_detach’未定义的引用
src.c:(.text+0x54)：对‘pthread_cancel’未定义的引用
src.c:(.text+0x65)：对‘pthread_join’未定义的引用
src.c:(.text+0x79)：对‘pthread_atfork’未定义的引用
collect2: error: ld returned 1 exit status
CMakeFiles/cmTC_4d983.dir/build.make:106: recipe for target 'cmTC_4d983' failed
make[1]: *** [cmTC_4d983] Error 1
make[1]: Leaving directory '/home/doudou/apriltag_car/cmake-build-debug/CMakeFiles/CMakeTmp'
Makefile:141: recipe for target 'cmTC_4d983/fast' failed
make: *** [cmTC_4d983/fast] Error 2


Source file was:
#include <pthread.h>

void* test_func(void* data)
{
  return data;
}

int main(void)
{
  pthread_t thread;
  pthread_create(&thread, NULL, test_func, NULL);
  pthread_detach(thread);
  pthread_cancel(thread);
  pthread_join(thread, NULL);
  pthread_atfork(NULL, NULL, NULL);
  pthread_exit(NULL);

  return 0;
}

